22:06:43 INFO  : Registering command handlers for SDK TCF services
22:06:44 INFO  : Launching XSCT server: xsct -n -interactive /home/shohei/Downloads/todotani_ov7670/master/master.sdk/temp_xsdb_launch_script.tcl
22:06:45 INFO  : XSCT server has started successfully.
22:06:45 INFO  : Successfully done setting XSCT server connection channel  
22:06:45 INFO  : Successfully done setting SDK workspace  
22:06:45 INFO  : Processing command line option -hwspec /home/shohei/Downloads/todotani_ov7670/master/master.sdk/design_1_wrapper.hdf.
22:08:31 INFO  : Launching XSCT server: xsct -n -interactive /home/shohei/Downloads/todotani_ov7670/master/master.sdk/temp_xsdb_launch_script.tcl
22:08:32 INFO  : XSCT server has started successfully.
22:08:32 INFO  : Successfully done setting XSCT server connection channel  
22:08:33 INFO  : Successfully done setting SDK workspace  
22:08:35 INFO  : Registering command handlers for SDK TCF services
22:08:35 INFO  : Processing command line option -hwspec /home/shohei/Downloads/todotani_ov7670/master/master.sdk/design_1_wrapper.hdf.
22:08:36 INFO  : Checking for hwspec changes in the project design_1_wrapper_hw_platform_0.
22:09:01 INFO  : Connected to target on host '127.0.0.1' and port '3121'.
22:09:01 INFO  : 'targets -set -filter {jtag_cable_name =~ "Digilent Zybo 210279A42C59A" && level==0} -index 1' command is executed.
22:09:03 INFO  : FPGA configured successfully with bitstream "/home/shohei/Downloads/todotani_ov7670/master/master.sdk/design_1_wrapper_hw_platform_0/design_1_wrapper.bit"
22:09:09 INFO  : 'targets -set -filter {jtag_cable_name =~ "Digilent Zybo 210279A42C59A" && level==0} -index 1' command is executed.
22:09:09 INFO  : 'fpga -state' command is executed.
22:09:09 INFO  : Connected to target on host '127.0.0.1' and port '3121'.
22:09:09 INFO  : Jtag cable 'Digilent Zybo 210279A42C59A' is selected.
22:09:09 INFO  : 'jtag frequency' command is executed.
22:09:09 INFO  : Sourcing of '/home/shohei/Downloads/todotani_ov7670/master/master.sdk/design_1_wrapper_hw_platform_0/ps7_init.tcl' is done.
22:09:09 INFO  : Context for 'APU' is selected.
22:09:09 INFO  : Hardware design information is loaded from '/home/shohei/Downloads/todotani_ov7670/master/master.sdk/design_1_wrapper_hw_platform_0/system.hdf'.
22:09:09 INFO  : 'configparams force-mem-access 1' command is executed.
22:09:09 INFO  : Context for 'APU' is selected.
22:09:09 INFO  : 'stop' command is executed.
22:09:09 INFO  : 'ps7_init' command is executed.
22:09:09 INFO  : 'ps7_post_config' command is executed.
22:09:09 INFO  : Context for processor 'ps7_cortexa9_0' is selected.
22:09:09 INFO  : Processor reset is completed for 'ps7_cortexa9_0'.
22:09:09 INFO  : Context for processor 'ps7_cortexa9_0' is selected.
22:09:09 INFO  : The application '/home/shohei/Downloads/todotani_ov7670/master/master.sdk/test/Debug/test.elf' is downloaded to processor 'ps7_cortexa9_0'.
22:09:09 INFO  : 'configparams force-mem-access 0' command is executed.
22:09:09 INFO  : ----------------XSDB Script----------------
connect -url tcp:127.0.0.1:3121
source /home/shohei/Downloads/todotani_ov7670/master/master.sdk/design_1_wrapper_hw_platform_0/ps7_init.tcl
targets -set -nocase -filter {name =~"APU*" && jtag_cable_name =~ "Digilent Zybo 210279A42C59A"} -index 0
loadhw -hw /home/shohei/Downloads/todotani_ov7670/master/master.sdk/design_1_wrapper_hw_platform_0/system.hdf -mem-ranges [list {0x40000000 0xbfffffff}]
configparams force-mem-access 1
targets -set -nocase -filter {name =~"APU*" && jtag_cable_name =~ "Digilent Zybo 210279A42C59A"} -index 0
stop
ps7_init
ps7_post_config
targets -set -nocase -filter {name =~ "ARM*#0" && jtag_cable_name =~ "Digilent Zybo 210279A42C59A"} -index 0
rst -processor
targets -set -nocase -filter {name =~ "ARM*#0" && jtag_cable_name =~ "Digilent Zybo 210279A42C59A"} -index 0
dow /home/shohei/Downloads/todotani_ov7670/master/master.sdk/test/Debug/test.elf
configparams force-mem-access 0
----------------End of Script----------------

22:09:09 INFO  : Memory regions updated for context APU
22:09:09 INFO  : Context for processor 'ps7_cortexa9_0' is selected.
22:09:09 INFO  : 'con' command is executed.
22:09:09 INFO  : ----------------XSDB Script (After Launch)----------------
targets -set -nocase -filter {name =~ "ARM*#0" && jtag_cable_name =~ "Digilent Zybo 210279A42C59A"} -index 0
con
----------------End of Script----------------

22:09:09 INFO  : Launch script is exported to file '/home/shohei/Downloads/todotani_ov7670/master/master.sdk/.sdk/launch_scripts/xilinx_c-c++_application_(system_debugger)/system_debugger_using_debug_test.elf_on_local.tcl'
22:09:34 INFO  : Disconnected from the channel tcfchan#1.
22:09:39 INFO  : 'targets -set -filter {jtag_cable_name =~ "Digilent Zybo 210279A42C59A" && level==0} -index 1' command is executed.
22:09:39 INFO  : 'fpga -state' command is executed.
22:09:39 INFO  : Connected to target on host '127.0.0.1' and port '3121'.
22:09:39 INFO  : Jtag cable 'Digilent Zybo 210279A42C59A' is selected.
22:09:39 INFO  : 'jtag frequency' command is executed.
22:09:39 INFO  : Sourcing of '/home/shohei/Downloads/todotani_ov7670/master/master.sdk/design_1_wrapper_hw_platform_0/ps7_init.tcl' is done.
22:09:39 INFO  : Context for 'APU' is selected.
22:09:40 INFO  : Hardware design information is loaded from '/home/shohei/Downloads/todotani_ov7670/master/master.sdk/design_1_wrapper_hw_platform_0/system.hdf'.
22:09:40 INFO  : 'configparams force-mem-access 1' command is executed.
22:09:40 INFO  : Context for 'APU' is selected.
22:09:40 INFO  : 'stop' command is executed.
22:09:40 INFO  : 'ps7_init' command is executed.
22:09:40 INFO  : 'ps7_post_config' command is executed.
22:09:40 INFO  : Context for processor 'ps7_cortexa9_0' is selected.
22:09:40 INFO  : Processor reset is completed for 'ps7_cortexa9_0'.
22:09:40 INFO  : Context for processor 'ps7_cortexa9_0' is selected.
22:09:40 INFO  : The application '/home/shohei/Downloads/todotani_ov7670/master/master.sdk/test/Debug/test.elf' is downloaded to processor 'ps7_cortexa9_0'.
22:09:40 INFO  : 'configparams force-mem-access 0' command is executed.
22:09:40 INFO  : ----------------XSDB Script----------------
connect -url tcp:127.0.0.1:3121
source /home/shohei/Downloads/todotani_ov7670/master/master.sdk/design_1_wrapper_hw_platform_0/ps7_init.tcl
targets -set -nocase -filter {name =~"APU*" && jtag_cable_name =~ "Digilent Zybo 210279A42C59A"} -index 0
loadhw -hw /home/shohei/Downloads/todotani_ov7670/master/master.sdk/design_1_wrapper_hw_platform_0/system.hdf -mem-ranges [list {0x40000000 0xbfffffff}]
configparams force-mem-access 1
targets -set -nocase -filter {name =~"APU*" && jtag_cable_name =~ "Digilent Zybo 210279A42C59A"} -index 0
stop
ps7_init
ps7_post_config
targets -set -nocase -filter {name =~ "ARM*#0" && jtag_cable_name =~ "Digilent Zybo 210279A42C59A"} -index 0
rst -processor
targets -set -nocase -filter {name =~ "ARM*#0" && jtag_cable_name =~ "Digilent Zybo 210279A42C59A"} -index 0
dow /home/shohei/Downloads/todotani_ov7670/master/master.sdk/test/Debug/test.elf
configparams force-mem-access 0
----------------End of Script----------------

22:09:40 INFO  : Memory regions updated for context APU
22:09:40 INFO  : Context for processor 'ps7_cortexa9_0' is selected.
22:09:40 INFO  : 'con' command is executed.
22:09:40 INFO  : ----------------XSDB Script (After Launch)----------------
targets -set -nocase -filter {name =~ "ARM*#0" && jtag_cable_name =~ "Digilent Zybo 210279A42C59A"} -index 0
con
----------------End of Script----------------

22:09:40 INFO  : Launch script is exported to file '/home/shohei/Downloads/todotani_ov7670/master/master.sdk/.sdk/launch_scripts/xilinx_c-c++_application_(system_debugger)/system_debugger_using_debug_test.elf_on_local.tcl'
22:10:37 INFO  : Disconnected from the channel tcfchan#2.
22:10:41 INFO  : Connected to target on host '127.0.0.1' and port '3121'.
22:10:41 INFO  : 'targets -set -filter {jtag_cable_name =~ "Digilent Zybo 210279A42C59A" && level==0} -index 1' command is executed.
22:10:43 INFO  : FPGA configured successfully with bitstream "/home/shohei/Downloads/todotani_ov7670/master/master.sdk/design_1_wrapper_hw_platform_0/design_1_wrapper.bit"
22:10:47 INFO  : 'targets -set -filter {jtag_cable_name =~ "Digilent Zybo 210279A42C59A" && level==0} -index 1' command is executed.
22:10:47 INFO  : 'fpga -state' command is executed.
22:10:47 INFO  : Connected to target on host '127.0.0.1' and port '3121'.
22:10:47 INFO  : Jtag cable 'Digilent Zybo 210279A42C59A' is selected.
22:10:47 INFO  : 'jtag frequency' command is executed.
22:10:47 INFO  : Sourcing of '/home/shohei/Downloads/todotani_ov7670/master/master.sdk/design_1_wrapper_hw_platform_0/ps7_init.tcl' is done.
22:10:47 INFO  : Context for 'APU' is selected.
22:10:47 INFO  : Hardware design information is loaded from '/home/shohei/Downloads/todotani_ov7670/master/master.sdk/design_1_wrapper_hw_platform_0/system.hdf'.
22:10:47 INFO  : 'configparams force-mem-access 1' command is executed.
22:10:47 INFO  : Context for 'APU' is selected.
22:10:47 INFO  : 'stop' command is executed.
22:10:47 INFO  : 'ps7_init' command is executed.
22:10:47 INFO  : 'ps7_post_config' command is executed.
22:10:47 INFO  : Context for processor 'ps7_cortexa9_0' is selected.
22:10:47 INFO  : Processor reset is completed for 'ps7_cortexa9_0'.
22:10:47 INFO  : Context for processor 'ps7_cortexa9_0' is selected.
22:10:47 INFO  : The application '/home/shohei/Downloads/todotani_ov7670/master/master.sdk/test/Debug/test.elf' is downloaded to processor 'ps7_cortexa9_0'.
22:10:47 INFO  : 'configparams force-mem-access 0' command is executed.
22:10:47 INFO  : ----------------XSDB Script----------------
connect -url tcp:127.0.0.1:3121
source /home/shohei/Downloads/todotani_ov7670/master/master.sdk/design_1_wrapper_hw_platform_0/ps7_init.tcl
targets -set -nocase -filter {name =~"APU*" && jtag_cable_name =~ "Digilent Zybo 210279A42C59A"} -index 0
loadhw -hw /home/shohei/Downloads/todotani_ov7670/master/master.sdk/design_1_wrapper_hw_platform_0/system.hdf -mem-ranges [list {0x40000000 0xbfffffff}]
configparams force-mem-access 1
targets -set -nocase -filter {name =~"APU*" && jtag_cable_name =~ "Digilent Zybo 210279A42C59A"} -index 0
stop
ps7_init
ps7_post_config
targets -set -nocase -filter {name =~ "ARM*#0" && jtag_cable_name =~ "Digilent Zybo 210279A42C59A"} -index 0
rst -processor
targets -set -nocase -filter {name =~ "ARM*#0" && jtag_cable_name =~ "Digilent Zybo 210279A42C59A"} -index 0
dow /home/shohei/Downloads/todotani_ov7670/master/master.sdk/test/Debug/test.elf
configparams force-mem-access 0
----------------End of Script----------------

22:10:47 INFO  : Memory regions updated for context APU
22:10:47 INFO  : Context for processor 'ps7_cortexa9_0' is selected.
22:10:47 INFO  : 'con' command is executed.
22:10:47 INFO  : ----------------XSDB Script (After Launch)----------------
targets -set -nocase -filter {name =~ "ARM*#0" && jtag_cable_name =~ "Digilent Zybo 210279A42C59A"} -index 0
con
----------------End of Script----------------

22:10:47 INFO  : Launch script is exported to file '/home/shohei/Downloads/todotani_ov7670/master/master.sdk/.sdk/launch_scripts/xilinx_c-c++_application_(system_debugger)/system_debugger_using_debug_test.elf_on_local.tcl'
22:14:26 INFO  : Disconnected from the channel tcfchan#3.
22:14:29 INFO  : 'targets -set -filter {jtag_cable_name =~ "Digilent Zybo 210279A42C59A" && level==0} -index 1' command is executed.
22:14:29 INFO  : 'fpga -state' command is executed.
22:14:29 INFO  : Connected to target on host '127.0.0.1' and port '3121'.
22:14:29 INFO  : Jtag cable 'Digilent Zybo 210279A42C59A' is selected.
22:14:29 INFO  : 'jtag frequency' command is executed.
22:14:29 INFO  : Sourcing of '/home/shohei/Downloads/todotani_ov7670/master/master.sdk/design_1_wrapper_hw_platform_0/ps7_init.tcl' is done.
22:14:29 INFO  : Context for 'APU' is selected.
22:14:30 INFO  : Hardware design information is loaded from '/home/shohei/Downloads/todotani_ov7670/master/master.sdk/design_1_wrapper_hw_platform_0/system.hdf'.
22:14:30 INFO  : 'configparams force-mem-access 1' command is executed.
22:14:30 INFO  : Context for 'APU' is selected.
22:14:30 INFO  : 'stop' command is executed.
22:14:30 INFO  : 'ps7_init' command is executed.
22:14:30 INFO  : 'ps7_post_config' command is executed.
22:14:30 INFO  : Context for processor 'ps7_cortexa9_0' is selected.
22:14:30 INFO  : Processor reset is completed for 'ps7_cortexa9_0'.
22:14:30 INFO  : Context for processor 'ps7_cortexa9_0' is selected.
22:14:30 INFO  : The application '/home/shohei/Downloads/todotani_ov7670/master/master.sdk/test/Debug/test.elf' is downloaded to processor 'ps7_cortexa9_0'.
22:14:30 INFO  : 'configparams force-mem-access 0' command is executed.
22:14:30 INFO  : ----------------XSDB Script----------------
connect -url tcp:127.0.0.1:3121
source /home/shohei/Downloads/todotani_ov7670/master/master.sdk/design_1_wrapper_hw_platform_0/ps7_init.tcl
targets -set -nocase -filter {name =~"APU*" && jtag_cable_name =~ "Digilent Zybo 210279A42C59A"} -index 0
loadhw -hw /home/shohei/Downloads/todotani_ov7670/master/master.sdk/design_1_wrapper_hw_platform_0/system.hdf -mem-ranges [list {0x40000000 0xbfffffff}]
configparams force-mem-access 1
targets -set -nocase -filter {name =~"APU*" && jtag_cable_name =~ "Digilent Zybo 210279A42C59A"} -index 0
stop
ps7_init
ps7_post_config
targets -set -nocase -filter {name =~ "ARM*#0" && jtag_cable_name =~ "Digilent Zybo 210279A42C59A"} -index 0
rst -processor
targets -set -nocase -filter {name =~ "ARM*#0" && jtag_cable_name =~ "Digilent Zybo 210279A42C59A"} -index 0
dow /home/shohei/Downloads/todotani_ov7670/master/master.sdk/test/Debug/test.elf
configparams force-mem-access 0
----------------End of Script----------------

22:14:30 INFO  : Memory regions updated for context APU
22:14:30 INFO  : Context for processor 'ps7_cortexa9_0' is selected.
22:14:30 INFO  : 'con' command is executed.
22:14:30 INFO  : ----------------XSDB Script (After Launch)----------------
targets -set -nocase -filter {name =~ "ARM*#0" && jtag_cable_name =~ "Digilent Zybo 210279A42C59A"} -index 0
con
----------------End of Script----------------

22:14:30 INFO  : Launch script is exported to file '/home/shohei/Downloads/todotani_ov7670/master/master.sdk/.sdk/launch_scripts/xilinx_c-c++_application_(system_debugger)/system_debugger_using_debug_test.elf_on_local.tcl'
22:14:57 INFO  : Connected to target on host '127.0.0.1' and port '3121'.
22:14:57 INFO  : 'targets -set -filter {jtag_cable_name =~ "Digilent Zybo 210279A42C59A" && level==0} -index 1' command is executed.
22:14:59 INFO  : FPGA configured successfully with bitstream "/home/shohei/Downloads/todotani_ov7670/master/master.sdk/design_1_wrapper_hw_platform_0/design_1_wrapper.bit"
22:15:03 INFO  : Disconnected from the channel tcfchan#4.
22:15:04 INFO  : 'targets -set -filter {jtag_cable_name =~ "Digilent Zybo 210279A42C59A" && level==0} -index 1' command is executed.
22:15:04 INFO  : 'fpga -state' command is executed.
22:15:04 INFO  : Connected to target on host '127.0.0.1' and port '3121'.
22:15:04 INFO  : Jtag cable 'Digilent Zybo 210279A42C59A' is selected.
22:15:04 INFO  : 'jtag frequency' command is executed.
22:15:04 INFO  : Sourcing of '/home/shohei/Downloads/todotani_ov7670/master/master.sdk/design_1_wrapper_hw_platform_0/ps7_init.tcl' is done.
22:15:04 INFO  : Context for 'APU' is selected.
22:15:05 INFO  : Hardware design information is loaded from '/home/shohei/Downloads/todotani_ov7670/master/master.sdk/design_1_wrapper_hw_platform_0/system.hdf'.
22:15:05 INFO  : 'configparams force-mem-access 1' command is executed.
22:15:05 INFO  : Context for 'APU' is selected.
22:15:05 INFO  : 'stop' command is executed.
22:15:05 INFO  : 'ps7_init' command is executed.
22:15:05 INFO  : 'ps7_post_config' command is executed.
22:15:05 INFO  : Context for processor 'ps7_cortexa9_0' is selected.
22:15:05 INFO  : Processor reset is completed for 'ps7_cortexa9_0'.
22:15:05 INFO  : Context for processor 'ps7_cortexa9_0' is selected.
22:15:05 INFO  : The application '/home/shohei/Downloads/todotani_ov7670/master/master.sdk/test/Debug/test.elf' is downloaded to processor 'ps7_cortexa9_0'.
22:15:05 INFO  : 'configparams force-mem-access 0' command is executed.
22:15:05 INFO  : ----------------XSDB Script----------------
connect -url tcp:127.0.0.1:3121
source /home/shohei/Downloads/todotani_ov7670/master/master.sdk/design_1_wrapper_hw_platform_0/ps7_init.tcl
targets -set -nocase -filter {name =~"APU*" && jtag_cable_name =~ "Digilent Zybo 210279A42C59A"} -index 0
loadhw -hw /home/shohei/Downloads/todotani_ov7670/master/master.sdk/design_1_wrapper_hw_platform_0/system.hdf -mem-ranges [list {0x40000000 0xbfffffff}]
configparams force-mem-access 1
targets -set -nocase -filter {name =~"APU*" && jtag_cable_name =~ "Digilent Zybo 210279A42C59A"} -index 0
stop
ps7_init
ps7_post_config
targets -set -nocase -filter {name =~ "ARM*#0" && jtag_cable_name =~ "Digilent Zybo 210279A42C59A"} -index 0
rst -processor
targets -set -nocase -filter {name =~ "ARM*#0" && jtag_cable_name =~ "Digilent Zybo 210279A42C59A"} -index 0
dow /home/shohei/Downloads/todotani_ov7670/master/master.sdk/test/Debug/test.elf
configparams force-mem-access 0
----------------End of Script----------------

22:15:05 INFO  : Memory regions updated for context APU
22:15:05 INFO  : Context for processor 'ps7_cortexa9_0' is selected.
22:15:05 INFO  : 'con' command is executed.
22:15:05 INFO  : ----------------XSDB Script (After Launch)----------------
targets -set -nocase -filter {name =~ "ARM*#0" && jtag_cable_name =~ "Digilent Zybo 210279A42C59A"} -index 0
con
----------------End of Script----------------

22:15:05 INFO  : Launch script is exported to file '/home/shohei/Downloads/todotani_ov7670/master/master.sdk/.sdk/launch_scripts/xilinx_c-c++_application_(system_debugger)/system_debugger_using_debug_test.elf_on_local.tcl'
22:15:28 INFO  : Disconnected from the channel tcfchan#5.
22:15:30 INFO  : 'targets -set -filter {jtag_cable_name =~ "Digilent Zybo 210279A42C59A" && level==0} -index 1' command is executed.
22:15:30 INFO  : 'fpga -state' command is executed.
22:15:30 INFO  : Connected to target on host '127.0.0.1' and port '3121'.
22:15:30 INFO  : Jtag cable 'Digilent Zybo 210279A42C59A' is selected.
22:15:30 INFO  : 'jtag frequency' command is executed.
22:15:30 INFO  : Sourcing of '/home/shohei/Downloads/todotani_ov7670/master/master.sdk/design_1_wrapper_hw_platform_0/ps7_init.tcl' is done.
22:15:30 INFO  : Context for 'APU' is selected.
22:15:31 INFO  : Hardware design information is loaded from '/home/shohei/Downloads/todotani_ov7670/master/master.sdk/design_1_wrapper_hw_platform_0/system.hdf'.
22:15:31 INFO  : 'configparams force-mem-access 1' command is executed.
22:15:31 INFO  : Context for 'APU' is selected.
22:15:31 INFO  : 'stop' command is executed.
22:15:31 INFO  : 'ps7_init' command is executed.
22:15:31 INFO  : 'ps7_post_config' command is executed.
22:15:31 INFO  : Context for processor 'ps7_cortexa9_0' is selected.
22:15:31 INFO  : Processor reset is completed for 'ps7_cortexa9_0'.
22:15:31 INFO  : Context for processor 'ps7_cortexa9_0' is selected.
22:15:31 INFO  : The application '/home/shohei/Downloads/todotani_ov7670/master/master.sdk/test/Debug/test.elf' is downloaded to processor 'ps7_cortexa9_0'.
22:15:31 INFO  : 'configparams force-mem-access 0' command is executed.
22:15:31 INFO  : ----------------XSDB Script----------------
connect -url tcp:127.0.0.1:3121
source /home/shohei/Downloads/todotani_ov7670/master/master.sdk/design_1_wrapper_hw_platform_0/ps7_init.tcl
targets -set -nocase -filter {name =~"APU*" && jtag_cable_name =~ "Digilent Zybo 210279A42C59A"} -index 0
loadhw -hw /home/shohei/Downloads/todotani_ov7670/master/master.sdk/design_1_wrapper_hw_platform_0/system.hdf -mem-ranges [list {0x40000000 0xbfffffff}]
configparams force-mem-access 1
targets -set -nocase -filter {name =~"APU*" && jtag_cable_name =~ "Digilent Zybo 210279A42C59A"} -index 0
stop
ps7_init
ps7_post_config
targets -set -nocase -filter {name =~ "ARM*#0" && jtag_cable_name =~ "Digilent Zybo 210279A42C59A"} -index 0
rst -processor
targets -set -nocase -filter {name =~ "ARM*#0" && jtag_cable_name =~ "Digilent Zybo 210279A42C59A"} -index 0
dow /home/shohei/Downloads/todotani_ov7670/master/master.sdk/test/Debug/test.elf
configparams force-mem-access 0
----------------End of Script----------------

22:15:31 INFO  : Memory regions updated for context APU
22:15:31 INFO  : Context for processor 'ps7_cortexa9_0' is selected.
22:15:31 INFO  : 'con' command is executed.
22:15:31 INFO  : ----------------XSDB Script (After Launch)----------------
targets -set -nocase -filter {name =~ "ARM*#0" && jtag_cable_name =~ "Digilent Zybo 210279A42C59A"} -index 0
con
----------------End of Script----------------

22:15:31 INFO  : Launch script is exported to file '/home/shohei/Downloads/todotani_ov7670/master/master.sdk/.sdk/launch_scripts/xilinx_c-c++_application_(system_debugger)/system_debugger_using_debug_test.elf_on_local.tcl'
22:15:56 INFO  : Disconnected from the channel tcfchan#6.
22:15:57 INFO  : 'targets -set -filter {jtag_cable_name =~ "Digilent Zybo 210279A42C59A" && level==0} -index 1' command is executed.
22:15:57 INFO  : 'fpga -state' command is executed.
22:15:57 INFO  : Connected to target on host '127.0.0.1' and port '3121'.
22:15:57 INFO  : Jtag cable 'Digilent Zybo 210279A42C59A' is selected.
22:15:57 INFO  : 'jtag frequency' command is executed.
22:15:57 INFO  : Sourcing of '/home/shohei/Downloads/todotani_ov7670/master/master.sdk/design_1_wrapper_hw_platform_0/ps7_init.tcl' is done.
22:15:57 INFO  : Context for 'APU' is selected.
22:15:58 INFO  : Hardware design information is loaded from '/home/shohei/Downloads/todotani_ov7670/master/master.sdk/design_1_wrapper_hw_platform_0/system.hdf'.
22:15:58 INFO  : 'configparams force-mem-access 1' command is executed.
22:15:58 INFO  : Context for 'APU' is selected.
22:15:58 INFO  : 'stop' command is executed.
22:15:58 INFO  : 'ps7_init' command is executed.
22:15:58 INFO  : 'ps7_post_config' command is executed.
22:15:58 INFO  : Context for processor 'ps7_cortexa9_0' is selected.
22:15:58 INFO  : Processor reset is completed for 'ps7_cortexa9_0'.
22:15:58 INFO  : Context for processor 'ps7_cortexa9_0' is selected.
22:15:58 INFO  : The application '/home/shohei/Downloads/todotani_ov7670/master/master.sdk/test/Debug/test.elf' is downloaded to processor 'ps7_cortexa9_0'.
22:15:58 INFO  : 'configparams force-mem-access 0' command is executed.
22:15:58 INFO  : ----------------XSDB Script----------------
connect -url tcp:127.0.0.1:3121
source /home/shohei/Downloads/todotani_ov7670/master/master.sdk/design_1_wrapper_hw_platform_0/ps7_init.tcl
targets -set -nocase -filter {name =~"APU*" && jtag_cable_name =~ "Digilent Zybo 210279A42C59A"} -index 0
loadhw -hw /home/shohei/Downloads/todotani_ov7670/master/master.sdk/design_1_wrapper_hw_platform_0/system.hdf -mem-ranges [list {0x40000000 0xbfffffff}]
configparams force-mem-access 1
targets -set -nocase -filter {name =~"APU*" && jtag_cable_name =~ "Digilent Zybo 210279A42C59A"} -index 0
stop
ps7_init
ps7_post_config
targets -set -nocase -filter {name =~ "ARM*#0" && jtag_cable_name =~ "Digilent Zybo 210279A42C59A"} -index 0
rst -processor
targets -set -nocase -filter {name =~ "ARM*#0" && jtag_cable_name =~ "Digilent Zybo 210279A42C59A"} -index 0
dow /home/shohei/Downloads/todotani_ov7670/master/master.sdk/test/Debug/test.elf
configparams force-mem-access 0
----------------End of Script----------------

22:15:58 INFO  : Memory regions updated for context APU
22:15:59 INFO  : Context for processor 'ps7_cortexa9_0' is selected.
22:15:59 INFO  : 'con' command is executed.
22:15:59 INFO  : ----------------XSDB Script (After Launch)----------------
targets -set -nocase -filter {name =~ "ARM*#0" && jtag_cable_name =~ "Digilent Zybo 210279A42C59A"} -index 0
con
----------------End of Script----------------

22:15:59 INFO  : Launch script is exported to file '/home/shohei/Downloads/todotani_ov7670/master/master.sdk/.sdk/launch_scripts/xilinx_c-c++_application_(system_debugger)/system_debugger_using_debug_test.elf_on_local.tcl'
22:29:49 INFO  : Connected to target on host '127.0.0.1' and port '3121'.
22:29:49 INFO  : 'targets -set -filter {jtag_cable_name =~ "Digilent Zybo 210279A42C59A" && level==0} -index 1' command is executed.
22:29:50 INFO  : FPGA configured successfully with bitstream "/home/shohei/Downloads/todotani_ov7670/master/master.sdk/design_1_wrapper_hw_platform_0/design_1_wrapper.bit"
22:29:53 INFO  : Disconnected from the channel tcfchan#7.
22:29:56 INFO  : 'targets -set -filter {jtag_cable_name =~ "Digilent Zybo 210279A42C59A" && level==0} -index 1' command is executed.
22:29:56 INFO  : 'fpga -state' command is executed.
22:29:56 INFO  : Connected to target on host '127.0.0.1' and port '3121'.
22:29:56 INFO  : Jtag cable 'Digilent Zybo 210279A42C59A' is selected.
22:29:56 INFO  : 'jtag frequency' command is executed.
22:29:56 INFO  : Sourcing of '/home/shohei/Downloads/todotani_ov7670/master/master.sdk/design_1_wrapper_hw_platform_0/ps7_init.tcl' is done.
22:29:56 INFO  : Context for 'APU' is selected.
22:29:57 INFO  : Hardware design information is loaded from '/home/shohei/Downloads/todotani_ov7670/master/master.sdk/design_1_wrapper_hw_platform_0/system.hdf'.
22:29:57 INFO  : 'configparams force-mem-access 1' command is executed.
22:29:57 INFO  : Context for 'APU' is selected.
22:29:57 INFO  : 'stop' command is executed.
22:29:57 INFO  : 'ps7_init' command is executed.
22:29:57 INFO  : 'ps7_post_config' command is executed.
22:29:57 INFO  : Context for processor 'ps7_cortexa9_0' is selected.
22:29:57 INFO  : Processor reset is completed for 'ps7_cortexa9_0'.
22:29:57 INFO  : Context for processor 'ps7_cortexa9_0' is selected.
22:29:58 INFO  : The application '/home/shohei/Downloads/todotani_ov7670/master/master.sdk/test/Debug/test.elf' is downloaded to processor 'ps7_cortexa9_0'.
22:29:58 INFO  : 'configparams force-mem-access 0' command is executed.
22:29:58 INFO  : ----------------XSDB Script----------------
connect -url tcp:127.0.0.1:3121
source /home/shohei/Downloads/todotani_ov7670/master/master.sdk/design_1_wrapper_hw_platform_0/ps7_init.tcl
targets -set -nocase -filter {name =~"APU*" && jtag_cable_name =~ "Digilent Zybo 210279A42C59A"} -index 0
loadhw -hw /home/shohei/Downloads/todotani_ov7670/master/master.sdk/design_1_wrapper_hw_platform_0/system.hdf -mem-ranges [list {0x40000000 0xbfffffff}]
configparams force-mem-access 1
targets -set -nocase -filter {name =~"APU*" && jtag_cable_name =~ "Digilent Zybo 210279A42C59A"} -index 0
stop
ps7_init
ps7_post_config
targets -set -nocase -filter {name =~ "ARM*#0" && jtag_cable_name =~ "Digilent Zybo 210279A42C59A"} -index 0
rst -processor
targets -set -nocase -filter {name =~ "ARM*#0" && jtag_cable_name =~ "Digilent Zybo 210279A42C59A"} -index 0
dow /home/shohei/Downloads/todotani_ov7670/master/master.sdk/test/Debug/test.elf
configparams force-mem-access 0
----------------End of Script----------------

22:29:58 INFO  : Memory regions updated for context APU
22:29:58 INFO  : Context for processor 'ps7_cortexa9_0' is selected.
22:29:58 INFO  : 'con' command is executed.
22:29:58 INFO  : ----------------XSDB Script (After Launch)----------------
targets -set -nocase -filter {name =~ "ARM*#0" && jtag_cable_name =~ "Digilent Zybo 210279A42C59A"} -index 0
con
----------------End of Script----------------

22:29:58 INFO  : Launch script is exported to file '/home/shohei/Downloads/todotani_ov7670/master/master.sdk/.sdk/launch_scripts/xilinx_c-c++_application_(system_debugger)/system_debugger_using_debug_test.elf_on_local.tcl'
22:30:31 INFO  : Disconnected from the channel tcfchan#8.
22:30:33 INFO  : 'targets -set -filter {jtag_cable_name =~ "Digilent Zybo 210279A42C59A" && level==0} -index 1' command is executed.
22:30:33 INFO  : 'fpga -state' command is executed.
22:30:33 INFO  : Connected to target on host '127.0.0.1' and port '3121'.
22:30:33 INFO  : Jtag cable 'Digilent Zybo 210279A42C59A' is selected.
22:30:33 INFO  : 'jtag frequency' command is executed.
22:30:33 INFO  : Sourcing of '/home/shohei/Downloads/todotani_ov7670/master/master.sdk/design_1_wrapper_hw_platform_0/ps7_init.tcl' is done.
22:30:33 INFO  : Context for 'APU' is selected.
22:30:34 INFO  : Hardware design information is loaded from '/home/shohei/Downloads/todotani_ov7670/master/master.sdk/design_1_wrapper_hw_platform_0/system.hdf'.
22:30:34 INFO  : 'configparams force-mem-access 1' command is executed.
22:30:34 INFO  : Context for 'APU' is selected.
22:30:34 INFO  : 'stop' command is executed.
22:30:34 INFO  : 'ps7_init' command is executed.
22:30:34 INFO  : 'ps7_post_config' command is executed.
22:30:34 INFO  : Context for processor 'ps7_cortexa9_0' is selected.
22:30:34 INFO  : Processor reset is completed for 'ps7_cortexa9_0'.
22:30:34 INFO  : Context for processor 'ps7_cortexa9_0' is selected.
22:30:34 INFO  : The application '/home/shohei/Downloads/todotani_ov7670/master/master.sdk/test/Debug/test.elf' is downloaded to processor 'ps7_cortexa9_0'.
22:30:34 INFO  : 'configparams force-mem-access 0' command is executed.
22:30:34 INFO  : ----------------XSDB Script----------------
connect -url tcp:127.0.0.1:3121
source /home/shohei/Downloads/todotani_ov7670/master/master.sdk/design_1_wrapper_hw_platform_0/ps7_init.tcl
targets -set -nocase -filter {name =~"APU*" && jtag_cable_name =~ "Digilent Zybo 210279A42C59A"} -index 0
loadhw -hw /home/shohei/Downloads/todotani_ov7670/master/master.sdk/design_1_wrapper_hw_platform_0/system.hdf -mem-ranges [list {0x40000000 0xbfffffff}]
configparams force-mem-access 1
targets -set -nocase -filter {name =~"APU*" && jtag_cable_name =~ "Digilent Zybo 210279A42C59A"} -index 0
stop
ps7_init
ps7_post_config
targets -set -nocase -filter {name =~ "ARM*#0" && jtag_cable_name =~ "Digilent Zybo 210279A42C59A"} -index 0
rst -processor
targets -set -nocase -filter {name =~ "ARM*#0" && jtag_cable_name =~ "Digilent Zybo 210279A42C59A"} -index 0
dow /home/shohei/Downloads/todotani_ov7670/master/master.sdk/test/Debug/test.elf
configparams force-mem-access 0
----------------End of Script----------------

22:30:34 INFO  : Memory regions updated for context APU
22:30:34 INFO  : Context for processor 'ps7_cortexa9_0' is selected.
22:30:34 INFO  : 'con' command is executed.
22:30:34 INFO  : ----------------XSDB Script (After Launch)----------------
targets -set -nocase -filter {name =~ "ARM*#0" && jtag_cable_name =~ "Digilent Zybo 210279A42C59A"} -index 0
con
----------------End of Script----------------

22:30:34 INFO  : Launch script is exported to file '/home/shohei/Downloads/todotani_ov7670/master/master.sdk/.sdk/launch_scripts/xilinx_c-c++_application_(system_debugger)/system_debugger_using_debug_test.elf_on_local.tcl'
22:33:27 INFO  : Disconnected from the channel tcfchan#9.
