
*** Running vivado
    with args -log design_1_processing_system7_0_0.vds -m64 -product Vivado -mode batch -messageDb vivado.pb -notrace -source design_1_processing_system7_0_0.tcl


****** Vivado v2017.3 (64-bit)
  **** SW Build 2018833 on Wed Oct  4 19:58:07 MDT 2017
  **** IP Build 2016188 on Wed Oct  4 21:52:56 MDT 2017
    ** Copyright 1986-2017 Xilinx, Inc. All Rights Reserved.

source design_1_processing_system7_0_0.tcl -notrace
Starting RTL Elaboration : Time (s): cpu = 00:00:06 ; elapsed = 00:00:06 . Memory (MB): peak = 1283.332 ; gain = 84.996 ; free physical = 38629 ; free virtual = 119713
INFO: [Synth 8-638] synthesizing module 'design_1_processing_system7_0_0' [/home/shohei/Downloads/todotani_ov7670/master/master.srcs/sources_1/bd/design_1/ip/design_1_processing_system7_0_0/synth/design_1_processing_system7_0_0.v:60]
INFO: [Synth 8-638] synthesizing module 'processing_system7_v5_5_processing_system7' [/home/shohei/Downloads/todotani_ov7670/master/master.srcs/sources_1/bd/design_1/ip/design_1_processing_system7_0_0/hdl/verilog/processing_system7_v5_5_processing_system7.v:162]
INFO: [Synth 8-638] synthesizing module 'BUFG' [/opt/Xilinx/Vivado/2017.3/scripts/rt/data/unisim_comp.v:607]
INFO: [Synth 8-256] done synthesizing module 'BUFG' (1#1) [/opt/Xilinx/Vivado/2017.3/scripts/rt/data/unisim_comp.v:607]
INFO: [Synth 8-638] synthesizing module 'BIBUF' [/opt/Xilinx/Vivado/2017.3/scripts/rt/data/unisim_comp.v:268]
INFO: [Synth 8-256] done synthesizing module 'BIBUF' (2#1) [/opt/Xilinx/Vivado/2017.3/scripts/rt/data/unisim_comp.v:268]
INFO: [Synth 8-638] synthesizing module 'PS7' [/opt/Xilinx/Vivado/2017.3/scripts/rt/data/unisim_comp.v:40559]
INFO: [Synth 8-256] done synthesizing module 'PS7' (3#1) [/opt/Xilinx/Vivado/2017.3/scripts/rt/data/unisim_comp.v:40559]
INFO: [Synth 8-256] done synthesizing module 'processing_system7_v5_5_processing_system7' (4#1) [/home/shohei/Downloads/todotani_ov7670/master/master.srcs/sources_1/bd/design_1/ip/design_1_processing_system7_0_0/hdl/verilog/processing_system7_v5_5_processing_system7.v:162]
INFO: [Synth 8-256] done synthesizing module 'design_1_processing_system7_0_0' (5#1) [/home/shohei/Downloads/todotani_ov7670/master/master.srcs/sources_1/bd/design_1/ip/design_1_processing_system7_0_0/synth/design_1_processing_system7_0_0.v:60]
Finished RTL Elaboration : Time (s): cpu = 00:00:07 ; elapsed = 00:00:07 . Memory (MB): peak = 1325.863 ; gain = 127.527 ; free physical = 38555 ; free virtual = 119640
Finished RTL Optimization Phase 1 : Time (s): cpu = 00:00:07 ; elapsed = 00:00:08 . Memory (MB): peak = 1325.863 ; gain = 127.527 ; free physical = 38539 ; free virtual = 119624
INFO: [Device 21-403] Loading part xc7z010clg400-1
Constraint Validation Runtime : Time (s): cpu = 00:00:00.01 ; elapsed = 00:00:00 . Memory (MB): peak = 1607.246 ; gain = 0.000 ; free physical = 37937 ; free virtual = 119021
Finished Constraint Validation : Time (s): cpu = 00:00:21 ; elapsed = 00:00:30 . Memory (MB): peak = 1607.246 ; gain = 408.910 ; free physical = 37939 ; free virtual = 119024
Finished Loading Part and Timing Information : Time (s): cpu = 00:00:21 ; elapsed = 00:00:30 . Memory (MB): peak = 1607.246 ; gain = 408.910 ; free physical = 37939 ; free virtual = 119024
Finished applying 'set_property' XDC Constraints : Time (s): cpu = 00:00:21 ; elapsed = 00:00:30 . Memory (MB): peak = 1607.246 ; gain = 408.910 ; free physical = 37922 ; free virtual = 119007
Finished RTL Optimization Phase 2 : Time (s): cpu = 00:00:21 ; elapsed = 00:00:31 . Memory (MB): peak = 1607.246 ; gain = 408.910 ; free physical = 37908 ; free virtual = 118992
Finished Cross Boundary and Area Optimization : Time (s): cpu = 00:00:22 ; elapsed = 00:00:31 . Memory (MB): peak = 1607.246 ; gain = 408.910 ; free physical = 37896 ; free virtual = 118981
Finished Applying XDC Timing Constraints : Time (s): cpu = 00:00:28 ; elapsed = 00:00:39 . Memory (MB): peak = 1781.238 ; gain = 582.902 ; free physical = 38643 ; free virtual = 119728
Finished Timing Optimization : Time (s): cpu = 00:00:28 ; elapsed = 00:00:39 . Memory (MB): peak = 1801.246 ; gain = 602.910 ; free physical = 38629 ; free virtual = 119714
Finished Technology Mapping : Time (s): cpu = 00:00:29 ; elapsed = 00:00:40 . Memory (MB): peak = 1809.254 ; gain = 610.918 ; free physical = 38620 ; free virtual = 119704
Finished IO Insertion : Time (s): cpu = 00:00:30 ; elapsed = 00:00:41 . Memory (MB): peak = 1809.254 ; gain = 610.918 ; free physical = 38593 ; free virtual = 119678
Finished Renaming Generated Instances : Time (s): cpu = 00:00:30 ; elapsed = 00:00:41 . Memory (MB): peak = 1809.254 ; gain = 610.918 ; free physical = 38593 ; free virtual = 119678
Finished Rebuilding User Hierarchy : Time (s): cpu = 00:00:30 ; elapsed = 00:00:42 . Memory (MB): peak = 1809.254 ; gain = 610.918 ; free physical = 38590 ; free virtual = 119675
Finished Renaming Generated Ports : Time (s): cpu = 00:00:30 ; elapsed = 00:00:42 . Memory (MB): peak = 1809.254 ; gain = 610.918 ; free physical = 38588 ; free virtual = 119673
Finished Handling Custom Attributes : Time (s): cpu = 00:00:30 ; elapsed = 00:00:42 . Memory (MB): peak = 1809.254 ; gain = 610.918 ; free physical = 38588 ; free virtual = 119672
Finished Renaming Generated Nets : Time (s): cpu = 00:00:30 ; elapsed = 00:00:42 . Memory (MB): peak = 1809.254 ; gain = 610.918 ; free physical = 38587 ; free virtual = 119672

Report Cell Usage: 
+------+------+------+
|      |Cell  |Count |
+------+------+------+
|1     |BIBUF |   130|
|2     |BUFG  |     1|
|3     |LUT1  |   112|
|4     |PS7   |     1|
+------+------+------+
Finished Writing Synthesis Report : Time (s): cpu = 00:00:30 ; elapsed = 00:00:42 . Memory (MB): peak = 1809.254 ; gain = 610.918 ; free physical = 38586 ; free virtual = 119671
synth_design: Time (s): cpu = 00:00:32 ; elapsed = 00:00:43 . Memory (MB): peak = 1811.254 ; gain = 637.746 ; free physical = 38763 ; free virtual = 119848
